<?xml version="1.0" encoding="UTF-8"?>
<!-- Generated by org.testng.reporters.JUnitXMLReporter -->
<testsuite ignored="4" hostname="MahmudaLaptop" failures="0" tests="1" name="edge" time="2.026" errors="0" timestamp="2023-02-16T15:05:29 EST">
  <testcase classname="geico.tdd.test.auto.AutoQuoteTest" name="test1" time="0.002"/>
  <testcase classname="geico.tdd.test.auto.AutoQuoteTest" name="testRetry" time="0.0">
    <ignored/>
  </testcase> <!-- testRetry -->
  <testcase classname="geico.tdd.test.auto.AutoQuoteTest" name="test3" time="0.0">
    <ignored/>
  </testcase> <!-- test3 -->
  <testcase classname="geico.tdd.test.auto.AutoQuoteTest" name="test2" time="0.0">
    <ignored/>
  </testcase> <!-- test2 -->
  <testcase classname="geico.tdd.test.auto.AutoQuoteTest" name="autoTest" time="0.0">
    <ignored/>
  </testcase> <!-- autoTest -->
</testsuite> <!-- edge -->
