<?xml version="1.0" encoding="UTF-8"?>
<!-- Generated by org.testng.reporters.JUnitXMLReporter -->
<testsuite ignored="6" hostname="MahmudaLaptop" failures="0" tests="2" name="Test" time="13.769" errors="0" timestamp="2023-02-17T16:41:21 EST">
  <testcase classname="geico.tdd.test.auto.AutoQuoteTest" name="test1" time="0.008"/>
  <testcase classname="geico.tdd.test.auto.LoginPageTest" name="loginTest" time="7.152"/>
  <testcase classname="geico.tdd.base.ExtentListener" name="@AfterSuite closeReport" time="0.0">
    <ignored/>
  </testcase> <!-- @AfterSuite closeReport -->
  <testcase classname="geico.tdd.test.auto.AutoQuoteTest" name="test2" time="0.0">
    <ignored/>
  </testcase> <!-- test2 -->
  <testcase classname="geico.tdd.test.auto.AutoQuoteTest" name="test3" time="0.0">
    <ignored/>
  </testcase> <!-- test3 -->
  <testcase classname="geico.tdd.test.auto.AutoQuoteTest" name="autoTest" time="0.0">
    <ignored/>
  </testcase> <!-- autoTest -->
  <testcase classname="geico.tdd.base.ExtentListener" name="@BeforeSuite initExtentReport" time="0.0">
    <ignored/>
  </testcase> <!-- @BeforeSuite initExtentReport -->
  <testcase classname="geico.tdd.test.auto.AutoQuoteTest" name="testRetry" time="0.0">
    <ignored/>
  </testcase> <!-- testRetry -->
</testsuite> <!-- Test -->
