<?xml version="1.0" encoding="UTF-8"?>
<testng-results ignored="6" total="8" passed="2" failed="0" skipped="0">
  <reporter-output>
    <line>
      <![CDATA[Validating ----> Actual: *** The Insurance Savings You Expect ***. Expected : *** The Insurance Savings You Expect ***<br>]]>
    </line>
    <line>
      <![CDATA[10461<---This value has been passed into--->[[ChromeDriver: chrome on WINDOWS (18426b56fa8aa096a9b63d19e061843b)] -> xpath: (//input[@class='zip-code-input'])[1]]<br>]]>
    </line>
    <line>
      <![CDATA[[[ChromeDriver: chrome on WINDOWS (18426b56fa8aa096a9b63d19e061843b)] -> xpath: //input[@value='Go']]----->has been clicked<br>]]>
    </line>
    <line>
      <![CDATA[[[ChromeDriver: chrome on WINDOWS (18426b56fa8aa096a9b63d19e061843b)] -> xpath: (//div[@class='product-checkbox'])[1]]----->has been clicked<br>]]>
    </line>
    <line>
      <![CDATA[[[ChromeDriver: chrome on WINDOWS (18426b56fa8aa096a9b63d19e061843b)] -> xpath: //a[text()='Start My Quote']]----->has been clicked<br>]]>
    </line>
    <line>
      <![CDATA[[[ChromeDriver: chrome on WINDOWS (263da5d2f6d4930c9ff134a845637ece)] -> xpath: //span[text()='Log In']//parent::a]----->has been clicked<br>]]>
    </line>
    <line>
      <![CDATA[[[ChromeDriver: chrome on WINDOWS (263da5d2f6d4930c9ff134a845637ece)] -> xpath: //div[text()='Access Your Policy']]----->has been clicked<br>]]>
    </line>
    <line>
      <![CDATA[Proxy element for: DefaultElementLocator 'By.xpath: (//button[@id='manageSubmit'])[1]'----->has been clicked<br>]]>
    </line>
    <line>
      <![CDATA[Mahmuda<---This value has been passed into--->[[ChromeDriver: chrome on WINDOWS (263da5d2f6d4930c9ff134a845637ece)] -> xpath: //input[@id='TextInputComponent-2']]<br>]]>
    </line>
    <line>
      <![CDATA[3412<---This value has been passed into--->[[ChromeDriver: chrome on WINDOWS (263da5d2f6d4930c9ff134a845637ece)] -> xpath: //input[@id='TextInputComponent-2']]<br>]]>
    </line>
  </reporter-output>
  <suite started-at="2023-03-04T21:49:19 EST" name="Suite" finished-at="2023-03-04T21:49:38 EST" duration-ms="18298">
    <groups>
      <group name="auto">
        <method signature="AutoQuoteTest.autoTest()[pri:0, instance:geico.tdd.test.auto.AutoQuoteTest@242b836]" name="autoTest" class="geico.tdd.test.auto.AutoQuoteTest"/>
      </group> <!-- auto -->
      <group name="non-functional">
        <method signature="LoginPageTest.loginTest()[pri:1, instance:geico.tdd.test.auto.LoginPageTest@537f60bf]" name="loginTest" class="geico.tdd.test.auto.LoginPageTest"/>
      </group> <!-- non-functional -->
      <group name="login">
        <method signature="LoginPageTest.loginTest()[pri:1, instance:geico.tdd.test.auto.LoginPageTest@537f60bf]" name="loginTest" class="geico.tdd.test.auto.LoginPageTest"/>
      </group> <!-- login -->
    </groups>
    <test started-at="2023-03-04T21:49:19 EST" name="Test" finished-at="2023-03-04T21:49:38 EST" duration-ms="18298">
      <class name="geico.tdd.test.auto.AutoQuoteTest">
        <test-method is-config="true" signature="initExtentReport()[pri:0, instance:geico.tdd.test.auto.AutoQuoteTest@242b836]" started-at="2023-03-04T21:49:19 EST" name="initExtentReport" finished-at="2023-03-04T21:49:19 EST" duration-ms="312" status="PASS">
          <reporter-output>
          </reporter-output>
        </test-method> <!-- initExtentReport -->
        <test-method is-config="true" signature="startExtentReport(java.lang.reflect.Method)[pri:0, instance:geico.tdd.test.auto.AutoQuoteTest@242b836]" started-at="2023-03-04T21:49:19 EST" name="startExtentReport" finished-at="2023-03-04T21:49:19 EST" duration-ms="7" status="PASS">
          <params>
            <param index="0">
              <value>
                <![CDATA[public void geico.tdd.test.auto.AutoQuoteTest.autoTest() throws java.lang.InterruptedException]]>
              </value>
            </param>
          </params>
          <reporter-output>
          </reporter-output>
        </test-method> <!-- startExtentReport -->
        <test-method is-config="true" signature="setUpDriver(java.lang.String)[pri:0, instance:geico.tdd.test.auto.AutoQuoteTest@242b836]" started-at="2023-03-04T21:49:19 EST" name="setUpDriver" finished-at="2023-03-04T21:49:24 EST" duration-ms="4367" status="PASS">
          <params>
            <param index="0">
              <value>
                <![CDATA[chrome]]>
              </value>
            </param>
          </params>
          <reporter-output>
          </reporter-output>
        </test-method> <!-- setUpDriver -->
        <test-method signature="autoTest()[pri:0, instance:geico.tdd.test.auto.AutoQuoteTest@242b836]" started-at="2023-03-04T21:49:24 EST" name="autoTest" finished-at="2023-03-04T21:49:28 EST" duration-ms="3895" status="PASS">
          <reporter-output>
            <line>
              <![CDATA[Validating ----> Actual: *** The Insurance Savings You Expect ***. Expected : *** The Insurance Savings You Expect ***<br>]]>
            </line>
            <line>
              <![CDATA[10461<---This value has been passed into--->[[ChromeDriver: chrome on WINDOWS (18426b56fa8aa096a9b63d19e061843b)] -> xpath: (//input[@class='zip-code-input'])[1]]<br>]]>
            </line>
            <line>
              <![CDATA[[[ChromeDriver: chrome on WINDOWS (18426b56fa8aa096a9b63d19e061843b)] -> xpath: //input[@value='Go']]----->has been clicked<br>]]>
            </line>
            <line>
              <![CDATA[[[ChromeDriver: chrome on WINDOWS (18426b56fa8aa096a9b63d19e061843b)] -> xpath: (//div[@class='product-checkbox'])[1]]----->has been clicked<br>]]>
            </line>
            <line>
              <![CDATA[[[ChromeDriver: chrome on WINDOWS (18426b56fa8aa096a9b63d19e061843b)] -> xpath: //a[text()='Start My Quote']]----->has been clicked<br>]]>
            </line>
          </reporter-output>
        </test-method> <!-- autoTest -->
        <test-method is-config="true" signature="getResult(org.testng.ITestResult,java.lang.reflect.Method)[pri:0, instance:geico.tdd.test.auto.AutoQuoteTest@242b836]" started-at="2023-03-04T21:49:28 EST" name="getResult" finished-at="2023-03-04T21:49:28 EST" duration-ms="5" status="PASS">
          <params>
            <param index="0">
              <value>
                <![CDATA[[TestResult name=autoTest status=SUCCESS method=AutoQuoteTest.autoTest()[pri:0, instance:geico.tdd.test.auto.AutoQuoteTest@242b836] output=Validating ----> Actual: *** The Insurance Savings You Expect ***. Expected : *** The Insurance Savings You Expect ***<br>]]]>
              </value>
            </param>
            <param index="1">
              <value>
                <![CDATA[public void geico.tdd.test.auto.AutoQuoteTest.autoTest() throws java.lang.InterruptedException]]>
              </value>
            </param>
          </params>
          <reporter-output>
          </reporter-output>
        </test-method> <!-- getResult -->
        <test-method is-config="true" signature="tearUp()[pri:0, instance:geico.tdd.test.auto.AutoQuoteTest@242b836]" started-at="2023-03-04T21:49:28 EST" name="tearUp" finished-at="2023-03-04T21:49:28 EST" duration-ms="195" status="PASS">
          <reporter-output>
          </reporter-output>
        </test-method> <!-- tearUp -->
        <test-method is-config="true" signature="closeReport()[pri:0, instance:geico.tdd.test.auto.AutoQuoteTest@242b836]" started-at="2023-03-04T21:49:38 EST" name="closeReport" finished-at="2023-03-04T21:49:38 EST" duration-ms="293" status="PASS">
          <reporter-output>
          </reporter-output>
        </test-method> <!-- closeReport -->
      </class> <!-- geico.tdd.test.auto.AutoQuoteTest -->
      <class name="geico.tdd.test.auto.LoginPageTest">
        <test-method is-config="true" signature="startExtentReport(java.lang.reflect.Method)[pri:0, instance:geico.tdd.test.auto.LoginPageTest@537f60bf]" started-at="2023-03-04T21:49:28 EST" name="startExtentReport" finished-at="2023-03-04T21:49:28 EST" duration-ms="0" status="PASS">
          <params>
            <param index="0">
              <value>
                <![CDATA[public void geico.tdd.test.auto.LoginPageTest.loginTest() throws java.lang.InterruptedException]]>
              </value>
            </param>
          </params>
          <reporter-output>
          </reporter-output>
        </test-method> <!-- startExtentReport -->
        <test-method is-config="true" signature="setUpDriver(java.lang.String)[pri:0, instance:geico.tdd.test.auto.LoginPageTest@537f60bf]" started-at="2023-03-04T21:49:28 EST" name="setUpDriver" finished-at="2023-03-04T21:49:31 EST" duration-ms="3015" status="PASS">
          <params>
            <param index="0">
              <value>
                <![CDATA[chrome]]>
              </value>
            </param>
          </params>
          <reporter-output>
          </reporter-output>
        </test-method> <!-- setUpDriver -->
        <test-method signature="loginTest()[pri:1, instance:geico.tdd.test.auto.LoginPageTest@537f60bf]" started-at="2023-03-04T21:49:31 EST" name="loginTest" finished-at="2023-03-04T21:49:37 EST" duration-ms="6580" status="PASS">
          <reporter-output>
            <line>
              <![CDATA[[[ChromeDriver: chrome on WINDOWS (263da5d2f6d4930c9ff134a845637ece)] -> xpath: //span[text()='Log In']//parent::a]----->has been clicked<br>]]>
            </line>
            <line>
              <![CDATA[[[ChromeDriver: chrome on WINDOWS (263da5d2f6d4930c9ff134a845637ece)] -> xpath: //div[text()='Access Your Policy']]----->has been clicked<br>]]>
            </line>
            <line>
              <![CDATA[Proxy element for: DefaultElementLocator 'By.xpath: (//button[@id='manageSubmit'])[1]'----->has been clicked<br>]]>
            </line>
            <line>
              <![CDATA[Mahmuda<---This value has been passed into--->[[ChromeDriver: chrome on WINDOWS (263da5d2f6d4930c9ff134a845637ece)] -> xpath: //input[@id='TextInputComponent-2']]<br>]]>
            </line>
            <line>
              <![CDATA[3412<---This value has been passed into--->[[ChromeDriver: chrome on WINDOWS (263da5d2f6d4930c9ff134a845637ece)] -> xpath: //input[@id='TextInputComponent-2']]<br>]]>
            </line>
          </reporter-output>
        </test-method> <!-- loginTest -->
        <test-method is-config="true" signature="getResult(org.testng.ITestResult,java.lang.reflect.Method)[pri:0, instance:geico.tdd.test.auto.LoginPageTest@537f60bf]" started-at="2023-03-04T21:49:37 EST" name="getResult" finished-at="2023-03-04T21:49:37 EST" duration-ms="0" status="PASS">
          <params>
            <param index="0">
              <value>
                <![CDATA[[TestResult name=loginTest status=SUCCESS method=LoginPageTest.loginTest()[pri:1, instance:geico.tdd.test.auto.LoginPageTest@537f60bf] output=[[ChromeDriver: chrome on WINDOWS (263da5d2f6d4930c9ff134a845637ece)] -> xpath: //span[text()='Log In']//parent::a]----->has been clicked<br>]]]>
              </value>
            </param>
            <param index="1">
              <value>
                <![CDATA[public void geico.tdd.test.auto.LoginPageTest.loginTest() throws java.lang.InterruptedException]]>
              </value>
            </param>
          </params>
          <reporter-output>
          </reporter-output>
        </test-method> <!-- getResult -->
        <test-method is-config="true" signature="tearUp()[pri:0, instance:geico.tdd.test.auto.LoginPageTest@537f60bf]" started-at="2023-03-04T21:49:37 EST" name="tearUp" finished-at="2023-03-04T21:49:38 EST" duration-ms="207" status="PASS">
          <reporter-output>
          </reporter-output>
        </test-method> <!-- tearUp -->
      </class> <!-- geico.tdd.test.auto.LoginPageTest -->
    </test> <!-- Test -->
  </suite> <!-- Suite -->
</testng-results>
